time="2023-06-18T13:58:08+08:00" level=info msg="Using the existing instance \"default\""
time="2023-06-18T13:58:08+08:00" level=info msg="Attempting to download the nerdctl archive" arch=x86_64 digest="sha256:3bb5f5358ee2c3bd9097e0bf37649c1775e2449094e75acf629f129ec2c7915f" location="https://github.com/containerd/nerdctl/releases/download/v1.4.0/nerdctl-full-1.4.0-linux-amd64.tar.gz"
time="2023-06-18T13:58:08+08:00" level=info msg="Using cache \"/Users/wenshuai/Library/Caches/lima/download/by-url-sha256/7f7d5c10ef2e2b350e26ceca17d2e3a7ce9993c867ce53f0a1114aa0264bfb4b/data\""
time="2023-06-18T13:58:11+08:00" level=info msg="[hostagent] Starting QEMU (hint: to watch the boot progress, see \"/Users/wenshuai/.lima/default/serial.log\")"
time="2023-06-18T13:58:11+08:00" level=info msg="SSH Local Port: 60022"
time="2023-06-18T13:58:11+08:00" level=info msg="[hostagent] Waiting for the essential requirement 1 of 5: \"ssh\""
time="2023-06-18T13:58:21+08:00" level=info msg="[hostagent] Waiting for the essential requirement 1 of 5: \"ssh\""
time="2023-06-18T13:58:37+08:00" level=info msg="[hostagent] Waiting for the essential requirement 1 of 5: \"ssh\""
time="2023-06-18T13:58:38+08:00" level=info msg="[hostagent] The essential requirement 1 of 5 is satisfied"
time="2023-06-18T13:58:38+08:00" level=info msg="[hostagent] Waiting for the essential requirement 2 of 5: \"user session is ready for ssh\""
time="2023-06-18T13:58:38+08:00" level=info msg="[hostagent] The essential requirement 2 of 5 is satisfied"
time="2023-06-18T13:58:38+08:00" level=info msg="[hostagent] Waiting for the essential requirement 3 of 5: \"sshfs binary to be installed\""
time="2023-06-18T13:58:38+08:00" level=info msg="[hostagent] The essential requirement 3 of 5 is satisfied"
time="2023-06-18T13:58:38+08:00" level=info msg="[hostagent] Waiting for the essential requirement 4 of 5: \"/etc/fuse.conf (/etc/fuse3.conf) to contain \\\"user_allow_other\\\"\""
time="2023-06-18T13:58:38+08:00" level=info msg="[hostagent] The essential requirement 4 of 5 is satisfied"
time="2023-06-18T13:58:38+08:00" level=info msg="[hostagent] Waiting for the essential requirement 5 of 5: \"the guest agent to be running\""
time="2023-06-18T13:58:38+08:00" level=info msg="[hostagent] The essential requirement 5 of 5 is satisfied"
time="2023-06-18T13:58:38+08:00" level=info msg="[hostagent] Mounting \"/Users/wenshuai\" on \"/Users/wenshuai\""
time="2023-06-18T13:58:38+08:00" level=info msg="[hostagent] Mounting \"/tmp/lima\" on \"/tmp/lima\""
time="2023-06-18T13:58:39+08:00" level=info msg="[hostagent] Waiting for the optional requirement 1 of 2: \"systemd must be available\""
time="2023-06-18T13:58:39+08:00" level=info msg="[hostagent] Forwarding \"/run/lima-guestagent.sock\" (guest) to \"/Users/wenshuai/.lima/default/ga.sock\" (host)"
time="2023-06-18T13:58:39+08:00" level=info msg="[hostagent] The optional requirement 1 of 2 is satisfied"
time="2023-06-18T13:58:39+08:00" level=info msg="[hostagent] Waiting for the optional requirement 2 of 2: \"containerd binaries to be installed\""
time="2023-06-18T13:58:39+08:00" level=info msg="[hostagent] Not forwarding TCP 127.0.0.54:53"
time="2023-06-18T13:58:39+08:00" level=info msg="[hostagent] Not forwarding TCP 127.0.0.53:53"
time="2023-06-18T13:58:39+08:00" level=info msg="[hostagent] Not forwarding TCP [::]:22"
time="2023-06-18T13:58:39+08:00" level=info msg="[hostagent] The optional requirement 2 of 2 is satisfied"
time="2023-06-18T13:58:39+08:00" level=info msg="[hostagent] Waiting for the final requirement 1 of 1: \"boot scripts must have finished\""
time="2023-06-18T13:58:42+08:00" level=info msg="[hostagent] The final requirement 1 of 1 is satisfied"
time="2023-06-18T13:58:42+08:00" level=info msg="READY. Run `lima` to open the shell."
